
thbase_IMPORTS_start
I_CreateThread
I_StartThread
I_ExitDeleteThread
I_DelayThread
I_WakeupThread
I_SetAlarm
I_USec2SysClock
thbase_IMPORTS_end

stdio_IMPORTS_start
I_printf
stdio_IMPORTS_end

sysclib_IMPORTS_start
I_memcpy
I_memset
sysclib_IMPORTS_end

intrman_IMPORTS_start
I_CpuSuspendIntr
I_CpuResumeIntr
I_EnableIntr
I_CpuEnableIntr
intrman_IMPORTS_end

thsemap_IMPORTS_start
I_CreateSema
I_DeleteSema
I_SignalSema
I_iSignalSema
I_WaitSema
thsemap_IMPORTS_end

thevent_IMPORTS_start
I_CreateEventFlag
I_WaitEventFlag
I_SetEventFlag
I_iSetEventFlag
thevent_IMPORTS_end

dev9_IMPORTS_start
I_dev9Shutdown
I_dev9IntrEnable
I_dev9IntrDisable
I_dev9RegisterIntrCb
I_dev9DmaTransfer
dev9_IMPORTS_end

ps2ip_IMPORTS_start
I_pbuf_alloc
I_pbuf_free
I_netif_add
I_netif_set_default
I_ps2ip_input
I_etharp_output
I_inet_addr
I_tcpip_input
ps2ip_IMPORTS_end
