loadcore_IMPORTS_start
I_RegisterLibraryEntries
I_ReleaseLibraryEntries
loadcore_IMPORTS_end

stdio_IMPORTS_start
I_printf
stdio_IMPORTS_end

sysclib_IMPORTS_start
I_memset
I_memcpy
I_memcmp
I_strlen
I_strncpy
I_strncmp
//I_vsprintf broken!!
sysclib_IMPORTS_end

thsemap_IMPORTS_start
I_CreateSema
I_SignalSema
I_iSignalSema
I_WaitSema
I_DeleteSema
thsemap_IMPORTS_end

sifman_IMPORTS_start
I_sceSifInit
I_sceSifSetDma
I_sceSifDmaStat
I_sceSifCheckInit
sifman_IMPORTS_end

thbase_IMPORTS_start
I_CreateThread
I_DeleteThread
I_ExitDeleteThread
I_StartThread
I_GetThreadId
I_DelayThread
I_USec2SysClock
I_SetAlarm
I_iSetAlarm
I_CancelAlarm
thbase_IMPORTS_end

intrman_IMPORTS_start
I_EnableIntr
I_CpuEnableIntr
I_CpuSuspendIntr
I_CpuResumeIntr
I_QueryIntrContext
intrman_IMPORTS_end

dev9_IMPORTS_start
I_dev9IntrDisable
I_dev9IntrEnable
I_dev9RegisterIntrCb
I_dev9GetEEPROM
dev9_IMPORTS_end

#ifdef UDPTTY

ioman_IMPORTS_start
I_open
I_close
I_AddDrv
I_DelDrv
ioman_IMPORTS_end

#endif /* UDPTTY */
